<wells version="1.3.1.1" xmlns="http://www.witsml.org/schemas/131">
  <well uid="TestChunkFileMergeWell">
    <name>Test Chunk File Merge Well</name>
    <timeZone>-06:00</timeZone>
  </well>
</wells>