<logs version="1.3.1.1" xmlns="http://www.witsml.org/schemas/131">
  <log uidWell="TestChunkFileMergeWell" uidWellbore="TestChunkFileMergeWellbore" uid="TestChunkFileMergeLog">
    <nameWell>Test Chunk File Merge Well</nameWell>
    <nameWellbore>Test Chunk File Merge Wellbore</nameWellbore>
    <name>Test Chunk File Merge Log</name>
    <objectGrowing>false</objectGrowing>
    <dataRowCount>0</dataRowCount>
    <indexType>measured depth</indexType>
    <direction>increasing</direction>
    <indexCurve columnIndex="1">Curve0</indexCurve>
    <nullValue>-999.25</nullValue>
    <logCurveInfo uid="Curve0">
      <mnemonic>Curve0</mnemonic>
      <unit>ft</unit>
      <columnIndex>1</columnIndex>
      <curveDescription>Curve0</curveDescription>
      <typeLogData>double</typeLogData>
    </logCurveInfo>
    <logCurveInfo uid="Curve1">
      <mnemonic>Curve1</mnemonic>
      <unit>ft</unit>
      <columnIndex>2</columnIndex>
      <curveDescription>Curve1</curveDescription>
      <typeLogData>double</typeLogData>
    </logCurveInfo>
    <logCurveInfo uid="Curve2">
      <mnemonic>Curve2</mnemonic>
      <unit>ft</unit>
      <columnIndex>3</columnIndex>
      <curveDescription>Curve2</curveDescription>
      <typeLogData>double</typeLogData>
    </logCurveInfo>
    <logCurveInfo uid="Curve3">
      <mnemonic>Curve3</mnemonic>
      <unit>ft</unit>
      <columnIndex>4</columnIndex>
      <curveDescription>Curve3</curveDescription>
      <typeLogData>double</typeLogData>
    </logCurveInfo>
    <logCurveInfo uid="Curve4">
      <mnemonic>Curve4</mnemonic>
      <unit>ft</unit>
      <columnIndex>5</columnIndex>
      <curveDescription>Curve4</curveDescription>
      <typeLogData>double</typeLogData>
    </logCurveInfo>
    <logCurveInfo uid="Curve5">
      <mnemonic>Curve5</mnemonic>
      <unit>ft</unit>
      <columnIndex>6</columnIndex>
      <curveDescription>Curve5</curveDescription>
      <typeLogData>double</typeLogData>
    </logCurveInfo>
    <logCurveInfo uid="Curve6">
      <mnemonic>Curve6</mnemonic>
      <unit>ft</unit>
      <columnIndex>7</columnIndex>
      <curveDescription>Curve6</curveDescription>
      <typeLogData>double</typeLogData>
    </logCurveInfo>
    <logCurveInfo uid="Curve7">
      <mnemonic>Curve7</mnemonic>
      <unit>ft</unit>
      <columnIndex>8</columnIndex>
      <curveDescription>Curve7</curveDescription>
      <typeLogData>double</typeLogData>
    </logCurveInfo>
    <logCurveInfo uid="Curve8">
      <mnemonic>Curve8</mnemonic>
      <unit>ft</unit>
      <columnIndex>9</columnIndex>
      <curveDescription>Curve8</curveDescription>
      <typeLogData>double</typeLogData>
    </logCurveInfo>
    <logCurveInfo uid="Curve9">
      <mnemonic>Curve9</mnemonic>
      <unit>ft</unit>
      <columnIndex>10</columnIndex>
      <curveDescription>Curve9</curveDescription>
      <typeLogData>double</typeLogData>
    </logCurveInfo>
    <logCurveInfo uid="Curve10">
      <mnemonic>Curve10</mnemonic>
      <unit>ft</unit>
      <columnIndex>11</columnIndex>
      <curveDescription>Curve10</curveDescription>
      <typeLogData>double</typeLogData>
    </logCurveInfo>
    <logCurveInfo uid="Curve11">
      <mnemonic>Curve11</mnemonic>
      <unit>ft</unit>
      <columnIndex>12</columnIndex>
      <curveDescription>Curve11</curveDescription>
      <typeLogData>double</typeLogData>
    </logCurveInfo>
    <logCurveInfo uid="Curve12">
      <mnemonic>Curve12</mnemonic>
      <unit>ft</unit>
      <columnIndex>13</columnIndex>
      <curveDescription>Curve12</curveDescription>
      <typeLogData>double</typeLogData>
    </logCurveInfo>
    <logCurveInfo uid="Curve13">
      <mnemonic>Curve13</mnemonic>
      <unit>ft</unit>
      <columnIndex>14</columnIndex>
      <curveDescription>Curve13</curveDescription>
      <typeLogData>double</typeLogData>
    </logCurveInfo>
    <logCurveInfo uid="Curve14">
      <mnemonic>Curve14</mnemonic>
      <unit>ft</unit>
      <columnIndex>15</columnIndex>
      <curveDescription>Curve14</curveDescription>
      <typeLogData>double</typeLogData>
    </logCurveInfo>
    <logCurveInfo uid="Curve15">
      <mnemonic>Curve15</mnemonic>
      <unit>ft</unit>
      <columnIndex>16</columnIndex>
      <curveDescription>Curve15</curveDescription>
      <typeLogData>double</typeLogData>
    </logCurveInfo>
    <logCurveInfo uid="Curve16">
      <mnemonic>Curve16</mnemonic>
      <unit>ft</unit>
      <columnIndex>17</columnIndex>
      <curveDescription>Curve16</curveDescription>
      <typeLogData>double</typeLogData>
    </logCurveInfo>
    <logCurveInfo uid="Curve17">
      <mnemonic>Curve17</mnemonic>
      <unit>ft</unit>
      <columnIndex>18</columnIndex>
      <curveDescription>Curve17</curveDescription>
      <typeLogData>double</typeLogData>
    </logCurveInfo>
    <logCurveInfo uid="Curve18">
      <mnemonic>Curve18</mnemonic>
      <unit>ft</unit>
      <columnIndex>19</columnIndex>
      <curveDescription>Curve18</curveDescription>
      <typeLogData>double</typeLogData>
    </logCurveInfo>
    <logCurveInfo uid="Curve19">
      <mnemonic>Curve19</mnemonic>
      <unit>ft</unit>
      <columnIndex>20</columnIndex>
      <curveDescription>Curve19</curveDescription>
      <typeLogData>double</typeLogData>
    </logCurveInfo>
    <logCurveInfo uid="Curve20">
      <mnemonic>Curve20</mnemonic>
      <unit>ft</unit>
      <columnIndex>21</columnIndex>
      <curveDescription>Curve20</curveDescription>
      <typeLogData>double</typeLogData>
    </logCurveInfo>
    <logCurveInfo uid="Curve21">
      <mnemonic>Curve21</mnemonic>
      <unit>ft</unit>
      <columnIndex>22</columnIndex>
      <curveDescription>Curve21</curveDescription>
      <typeLogData>double</typeLogData>
    </logCurveInfo>
    <logCurveInfo uid="Curve22">
      <mnemonic>Curve22</mnemonic>
      <unit>ft</unit>
      <columnIndex>23</columnIndex>
      <curveDescription>Curve22</curveDescription>
      <typeLogData>double</typeLogData>
    </logCurveInfo>
    <logCurveInfo uid="Curve23">
      <mnemonic>Curve23</mnemonic>
      <unit>ft</unit>
      <columnIndex>24</columnIndex>
      <curveDescription>Curve23</curveDescription>
      <typeLogData>double</typeLogData>
    </logCurveInfo>
    <logCurveInfo uid="Curve24">
      <mnemonic>Curve24</mnemonic>
      <unit>ft</unit>
      <columnIndex>25</columnIndex>
      <curveDescription>Curve24</curveDescription>
      <typeLogData>double</typeLogData>
    </logCurveInfo>
    <logCurveInfo uid="Curve25">
      <mnemonic>Curve25</mnemonic>
      <unit>ft</unit>
      <columnIndex>26</columnIndex>
      <curveDescription>Curve25</curveDescription>
      <typeLogData>double</typeLogData>
    </logCurveInfo>
    <logCurveInfo uid="Curve26">
      <mnemonic>Curve26</mnemonic>
      <unit>ft</unit>
      <columnIndex>27</columnIndex>
      <curveDescription>Curve26</curveDescription>
      <typeLogData>double</typeLogData>
    </logCurveInfo>
    <logCurveInfo uid="Curve27">
      <mnemonic>Curve27</mnemonic>
      <unit>ft</unit>
      <columnIndex>28</columnIndex>
      <curveDescription>Curve27</curveDescription>
      <typeLogData>double</typeLogData>
    </logCurveInfo>
    <logCurveInfo uid="Curve28">
      <mnemonic>Curve28</mnemonic>
      <unit>ft</unit>
      <columnIndex>29</columnIndex>
      <curveDescription>Curve28</curveDescription>
      <typeLogData>double</typeLogData>
    </logCurveInfo>
    <logCurveInfo uid="Curve29">
      <mnemonic>Curve29</mnemonic>
      <unit>ft</unit>
      <columnIndex>30</columnIndex>
      <curveDescription>Curve29</curveDescription>
      <typeLogData>double</typeLogData>
    </logCurveInfo>
    <logCurveInfo uid="Curve30">
      <mnemonic>Curve30</mnemonic>
      <unit>ft</unit>
      <columnIndex>31</columnIndex>
      <curveDescription>Curve30</curveDescription>
      <typeLogData>double</typeLogData>
    </logCurveInfo>
    <logCurveInfo uid="Curve31">
      <mnemonic>Curve31</mnemonic>
      <unit>ft</unit>
      <columnIndex>32</columnIndex>
      <curveDescription>Curve31</curveDescription>
      <typeLogData>double</typeLogData>
    </logCurveInfo>
    <logCurveInfo uid="Curve32">
      <mnemonic>Curve32</mnemonic>
      <unit>ft</unit>
      <columnIndex>33</columnIndex>
      <curveDescription>Curve32</curveDescription>
      <typeLogData>double</typeLogData>
    </logCurveInfo>
    <logCurveInfo uid="Curve33">
      <mnemonic>Curve33</mnemonic>
      <unit>ft</unit>
      <columnIndex>34</columnIndex>
      <curveDescription>Curve33</curveDescription>
      <typeLogData>double</typeLogData>
    </logCurveInfo>
    <logCurveInfo uid="Curve34">
      <mnemonic>Curve34</mnemonic>
      <unit>ft</unit>
      <columnIndex>35</columnIndex>
      <curveDescription>Curve34</curveDescription>
      <typeLogData>double</typeLogData>
    </logCurveInfo>
    <logCurveInfo uid="Curve35">
      <mnemonic>Curve35</mnemonic>
      <unit>ft</unit>
      <columnIndex>36</columnIndex>
      <curveDescription>Curve35</curveDescription>
      <typeLogData>double</typeLogData>
    </logCurveInfo>
    <logCurveInfo uid="Curve36">
      <mnemonic>Curve36</mnemonic>
      <unit>ft</unit>
      <columnIndex>37</columnIndex>
      <curveDescription>Curve36</curveDescription>
      <typeLogData>double</typeLogData>
    </logCurveInfo>
    <logCurveInfo uid="Curve37">
      <mnemonic>Curve37</mnemonic>
      <unit>ft</unit>
      <columnIndex>38</columnIndex>
      <curveDescription>Curve37</curveDescription>
      <typeLogData>double</typeLogData>
    </logCurveInfo>
    <logCurveInfo uid="Curve38">
      <mnemonic>Curve38</mnemonic>
      <unit>ft</unit>
      <columnIndex>39</columnIndex>
      <curveDescription>Curve38</curveDescription>
      <typeLogData>double</typeLogData>
    </logCurveInfo>
    <logCurveInfo uid="Curve39">
      <mnemonic>Curve39</mnemonic>
      <unit>ft</unit>
      <columnIndex>40</columnIndex>
      <curveDescription>Curve39</curveDescription>
      <typeLogData>double</typeLogData>
    </logCurveInfo>
    <logCurveInfo uid="Curve40">
      <mnemonic>Curve40</mnemonic>
      <unit>ft</unit>
      <columnIndex>41</columnIndex>
      <curveDescription>Curve40</curveDescription>
      <typeLogData>double</typeLogData>
    </logCurveInfo>
    <logCurveInfo uid="Curve41">
      <mnemonic>Curve41</mnemonic>
      <unit>ft</unit>
      <columnIndex>42</columnIndex>
      <curveDescription>Curve41</curveDescription>
      <typeLogData>double</typeLogData>
    </logCurveInfo>
    <logCurveInfo uid="Curve42">
      <mnemonic>Curve42</mnemonic>
      <unit>ft</unit>
      <columnIndex>43</columnIndex>
      <curveDescription>Curve42</curveDescription>
      <typeLogData>double</typeLogData>
    </logCurveInfo>
    <logCurveInfo uid="Curve43">
      <mnemonic>Curve43</mnemonic>
      <unit>ft</unit>
      <columnIndex>44</columnIndex>
      <curveDescription>Curve43</curveDescription>
      <typeLogData>double</typeLogData>
    </logCurveInfo>
    <logCurveInfo uid="Curve44">
      <mnemonic>Curve44</mnemonic>
      <unit>ft</unit>
      <columnIndex>45</columnIndex>
      <curveDescription>Curve44</curveDescription>
      <typeLogData>double</typeLogData>
    </logCurveInfo>
    <logCurveInfo uid="Curve45">
      <mnemonic>Curve45</mnemonic>
      <unit>ft</unit>
      <columnIndex>46</columnIndex>
      <curveDescription>Curve45</curveDescription>
      <typeLogData>double</typeLogData>
    </logCurveInfo>
    <logCurveInfo uid="Curve46">
      <mnemonic>Curve46</mnemonic>
      <unit>ft</unit>
      <columnIndex>47</columnIndex>
      <curveDescription>Curve46</curveDescription>
      <typeLogData>double</typeLogData>
    </logCurveInfo>
    <logCurveInfo uid="Curve47">
      <mnemonic>Curve47</mnemonic>
      <unit>ft</unit>
      <columnIndex>48</columnIndex>
      <curveDescription>Curve47</curveDescription>
      <typeLogData>double</typeLogData>
    </logCurveInfo>
    <logCurveInfo uid="Curve48">
      <mnemonic>Curve48</mnemonic>
      <unit>ft</unit>
      <columnIndex>49</columnIndex>
      <curveDescription>Curve48</curveDescription>
      <typeLogData>double</typeLogData>
    </logCurveInfo>
    <logCurveInfo uid="Curve49">
      <mnemonic>Curve49</mnemonic>
      <unit>ft</unit>
      <columnIndex>50</columnIndex>
      <curveDescription>Curve49</curveDescription>
      <typeLogData>double</typeLogData>
    </logCurveInfo>
    <logCurveInfo uid="Curve50">
      <mnemonic>Curve50</mnemonic>
      <unit>ft</unit>
      <columnIndex>51</columnIndex>
      <curveDescription>Curve50</curveDescription>
      <typeLogData>double</typeLogData>
    </logCurveInfo>
    <logCurveInfo uid="Curve51">
      <mnemonic>Curve51</mnemonic>
      <unit>ft</unit>
      <columnIndex>52</columnIndex>
      <curveDescription>Curve51</curveDescription>
      <typeLogData>double</typeLogData>
    </logCurveInfo>
    <logCurveInfo uid="Curve52">
      <mnemonic>Curve52</mnemonic>
      <unit>ft</unit>
      <columnIndex>53</columnIndex>
      <curveDescription>Curve52</curveDescription>
      <typeLogData>double</typeLogData>
    </logCurveInfo>
    <logCurveInfo uid="Curve53">
      <mnemonic>Curve53</mnemonic>
      <unit>ft</unit>
      <columnIndex>54</columnIndex>
      <curveDescription>Curve53</curveDescription>
      <typeLogData>double</typeLogData>
    </logCurveInfo>
    <logCurveInfo uid="Curve54">
      <mnemonic>Curve54</mnemonic>
      <unit>ft</unit>
      <columnIndex>55</columnIndex>
      <curveDescription>Curve54</curveDescription>
      <typeLogData>double</typeLogData>
    </logCurveInfo>
    <logCurveInfo uid="Curve55">
      <mnemonic>Curve55</mnemonic>
      <unit>ft</unit>
      <columnIndex>56</columnIndex>
      <curveDescription>Curve55</curveDescription>
      <typeLogData>double</typeLogData>
    </logCurveInfo>
    <logCurveInfo uid="Curve56">
      <mnemonic>Curve56</mnemonic>
      <unit>ft</unit>
      <columnIndex>57</columnIndex>
      <curveDescription>Curve56</curveDescription>
      <typeLogData>double</typeLogData>
    </logCurveInfo>
    <logCurveInfo uid="Curve57">
      <mnemonic>Curve57</mnemonic>
      <unit>ft</unit>
      <columnIndex>58</columnIndex>
      <curveDescription>Curve57</curveDescription>
      <typeLogData>double</typeLogData>
    </logCurveInfo>
    <logCurveInfo uid="Curve58">
      <mnemonic>Curve58</mnemonic>
      <unit>ft</unit>
      <columnIndex>59</columnIndex>
      <curveDescription>Curve58</curveDescription>
      <typeLogData>double</typeLogData>
    </logCurveInfo>
    <logCurveInfo uid="Curve59">
      <mnemonic>Curve59</mnemonic>
      <unit>ft</unit>
      <columnIndex>60</columnIndex>
      <curveDescription>Curve59</curveDescription>
      <typeLogData>double</typeLogData>
    </logCurveInfo>
    <logCurveInfo uid="Curve60">
      <mnemonic>Curve60</mnemonic>
      <unit>ft</unit>
      <columnIndex>61</columnIndex>
      <curveDescription>Curve60</curveDescription>
      <typeLogData>double</typeLogData>
    </logCurveInfo>
    <logCurveInfo uid="Curve61">
      <mnemonic>Curve61</mnemonic>
      <unit>ft</unit>
      <columnIndex>62</columnIndex>
      <curveDescription>Curve61</curveDescription>
      <typeLogData>double</typeLogData>
    </logCurveInfo>
    <logCurveInfo uid="Curve62">
      <mnemonic>Curve62</mnemonic>
      <unit>ft</unit>
      <columnIndex>63</columnIndex>
      <curveDescription>Curve62</curveDescription>
      <typeLogData>double</typeLogData>
    </logCurveInfo>
    <logCurveInfo uid="Curve63">
      <mnemonic>Curve63</mnemonic>
      <unit>ft</unit>
      <columnIndex>64</columnIndex>
      <curveDescription>Curve63</curveDescription>
      <typeLogData>double</typeLogData>
    </logCurveInfo>
    <logCurveInfo uid="Curve64">
      <mnemonic>Curve64</mnemonic>
      <unit>ft</unit>
      <columnIndex>65</columnIndex>
      <curveDescription>Curve64</curveDescription>
      <typeLogData>double</typeLogData>
    </logCurveInfo>
    <logCurveInfo uid="Curve65">
      <mnemonic>Curve65</mnemonic>
      <unit>ft</unit>
      <columnIndex>66</columnIndex>
      <curveDescription>Curve65</curveDescription>
      <typeLogData>double</typeLogData>
    </logCurveInfo>
    <logCurveInfo uid="Curve66">
      <mnemonic>Curve66</mnemonic>
      <unit>ft</unit>
      <columnIndex>67</columnIndex>
      <curveDescription>Curve66</curveDescription>
      <typeLogData>double</typeLogData>
    </logCurveInfo>
    <logCurveInfo uid="Curve67">
      <mnemonic>Curve67</mnemonic>
      <unit>ft</unit>
      <columnIndex>68</columnIndex>
      <curveDescription>Curve67</curveDescription>
      <typeLogData>double</typeLogData>
    </logCurveInfo>
    <logCurveInfo uid="Curve68">
      <mnemonic>Curve68</mnemonic>
      <unit>ft</unit>
      <columnIndex>69</columnIndex>
      <curveDescription>Curve68</curveDescription>
      <typeLogData>double</typeLogData>
    </logCurveInfo>
    <logCurveInfo uid="Curve69">
      <mnemonic>Curve69</mnemonic>
      <unit>ft</unit>
      <columnIndex>70</columnIndex>
      <curveDescription>Curve69</curveDescription>
      <typeLogData>double</typeLogData>
    </logCurveInfo>
    <logCurveInfo uid="Curve70">
      <mnemonic>Curve70</mnemonic>
      <unit>ft</unit>
      <columnIndex>71</columnIndex>
      <curveDescription>Curve70</curveDescription>
      <typeLogData>double</typeLogData>
    </logCurveInfo>
    <logCurveInfo uid="Curve71">
      <mnemonic>Curve71</mnemonic>
      <unit>ft</unit>
      <columnIndex>72</columnIndex>
      <curveDescription>Curve71</curveDescription>
      <typeLogData>double</typeLogData>
    </logCurveInfo>
    <logCurveInfo uid="Curve72">
      <mnemonic>Curve72</mnemonic>
      <unit>ft</unit>
      <columnIndex>73</columnIndex>
      <curveDescription>Curve72</curveDescription>
      <typeLogData>double</typeLogData>
    </logCurveInfo>
    <logCurveInfo uid="Curve73">
      <mnemonic>Curve73</mnemonic>
      <unit>ft</unit>
      <columnIndex>74</columnIndex>
      <curveDescription>Curve73</curveDescription>
      <typeLogData>double</typeLogData>
    </logCurveInfo>
    <logCurveInfo uid="Curve74">
      <mnemonic>Curve74</mnemonic>
      <unit>ft</unit>
      <columnIndex>75</columnIndex>
      <curveDescription>Curve74</curveDescription>
      <typeLogData>double</typeLogData>
    </logCurveInfo>
    <logCurveInfo uid="Curve75">
      <mnemonic>Curve75</mnemonic>
      <unit>ft</unit>
      <columnIndex>76</columnIndex>
      <curveDescription>Curve75</curveDescription>
      <typeLogData>double</typeLogData>
    </logCurveInfo>
    <logCurveInfo uid="Curve76">
      <mnemonic>Curve76</mnemonic>
      <unit>ft</unit>
      <columnIndex>77</columnIndex>
      <curveDescription>Curve76</curveDescription>
      <typeLogData>double</typeLogData>
    </logCurveInfo>
    <logCurveInfo uid="Curve77">
      <mnemonic>Curve77</mnemonic>
      <unit>ft</unit>
      <columnIndex>78</columnIndex>
      <curveDescription>Curve77</curveDescription>
      <typeLogData>double</typeLogData>
    </logCurveInfo>
    <logCurveInfo uid="Curve78">
      <mnemonic>Curve78</mnemonic>
      <unit>ft</unit>
      <columnIndex>79</columnIndex>
      <curveDescription>Curve78</curveDescription>
      <typeLogData>double</typeLogData>
    </logCurveInfo>
    <logCurveInfo uid="Curve79">
      <mnemonic>Curve79</mnemonic>
      <unit>ft</unit>
      <columnIndex>80</columnIndex>
      <curveDescription>Curve79</curveDescription>
      <typeLogData>double</typeLogData>
    </logCurveInfo>
    <logCurveInfo uid="Curve80">
      <mnemonic>Curve80</mnemonic>
      <unit>ft</unit>
      <columnIndex>81</columnIndex>
      <curveDescription>Curve80</curveDescription>
      <typeLogData>double</typeLogData>
    </logCurveInfo>
    <logCurveInfo uid="Curve81">
      <mnemonic>Curve81</mnemonic>
      <unit>ft</unit>
      <columnIndex>82</columnIndex>
      <curveDescription>Curve81</curveDescription>
      <typeLogData>double</typeLogData>
    </logCurveInfo>
    <logCurveInfo uid="Curve82">
      <mnemonic>Curve82</mnemonic>
      <unit>ft</unit>
      <columnIndex>83</columnIndex>
      <curveDescription>Curve82</curveDescription>
      <typeLogData>double</typeLogData>
    </logCurveInfo>
    <logCurveInfo uid="Curve83">
      <mnemonic>Curve83</mnemonic>
      <unit>ft</unit>
      <columnIndex>84</columnIndex>
      <curveDescription>Curve83</curveDescription>
      <typeLogData>double</typeLogData>
    </logCurveInfo>
    <logCurveInfo uid="Curve84">
      <mnemonic>Curve84</mnemonic>
      <unit>ft</unit>
      <columnIndex>85</columnIndex>
      <curveDescription>Curve84</curveDescription>
      <typeLogData>double</typeLogData>
    </logCurveInfo>
    <logCurveInfo uid="Curve85">
      <mnemonic>Curve85</mnemonic>
      <unit>ft</unit>
      <columnIndex>86</columnIndex>
      <curveDescription>Curve85</curveDescription>
      <typeLogData>double</typeLogData>
    </logCurveInfo>
    <logCurveInfo uid="Curve86">
      <mnemonic>Curve86</mnemonic>
      <unit>ft</unit>
      <columnIndex>87</columnIndex>
      <curveDescription>Curve86</curveDescription>
      <typeLogData>double</typeLogData>
    </logCurveInfo>
    <logCurveInfo uid="Curve87">
      <mnemonic>Curve87</mnemonic>
      <unit>ft</unit>
      <columnIndex>88</columnIndex>
      <curveDescription>Curve87</curveDescription>
      <typeLogData>double</typeLogData>
    </logCurveInfo>
    <logCurveInfo uid="Curve88">
      <mnemonic>Curve88</mnemonic>
      <unit>ft</unit>
      <columnIndex>89</columnIndex>
      <curveDescription>Curve88</curveDescription>
      <typeLogData>double</typeLogData>
    </logCurveInfo>
    <logCurveInfo uid="Curve89">
      <mnemonic>Curve89</mnemonic>
      <unit>ft</unit>
      <columnIndex>90</columnIndex>
      <curveDescription>Curve89</curveDescription>
      <typeLogData>double</typeLogData>
    </logCurveInfo>
    <logCurveInfo uid="Curve90">
      <mnemonic>Curve90</mnemonic>
      <unit>ft</unit>
      <columnIndex>91</columnIndex>
      <curveDescription>Curve90</curveDescription>
      <typeLogData>double</typeLogData>
    </logCurveInfo>
    <logCurveInfo uid="Curve91">
      <mnemonic>Curve91</mnemonic>
      <unit>ft</unit>
      <columnIndex>92</columnIndex>
      <curveDescription>Curve91</curveDescription>
      <typeLogData>double</typeLogData>
    </logCurveInfo>
    <logCurveInfo uid="Curve92">
      <mnemonic>Curve92</mnemonic>
      <unit>ft</unit>
      <columnIndex>93</columnIndex>
      <curveDescription>Curve92</curveDescription>
      <typeLogData>double</typeLogData>
    </logCurveInfo>
    <logCurveInfo uid="Curve93">
      <mnemonic>Curve93</mnemonic>
      <unit>ft</unit>
      <columnIndex>94</columnIndex>
      <curveDescription>Curve93</curveDescription>
      <typeLogData>double</typeLogData>
    </logCurveInfo>
    <logCurveInfo uid="Curve94">
      <mnemonic>Curve94</mnemonic>
      <unit>ft</unit>
      <columnIndex>95</columnIndex>
      <curveDescription>Curve94</curveDescription>
      <typeLogData>double</typeLogData>
    </logCurveInfo>
    <logCurveInfo uid="Curve95">
      <mnemonic>Curve95</mnemonic>
      <unit>ft</unit>
      <columnIndex>96</columnIndex>
      <curveDescription>Curve95</curveDescription>
      <typeLogData>double</typeLogData>
    </logCurveInfo>
    <logCurveInfo uid="Curve96">
      <mnemonic>Curve96</mnemonic>
      <unit>ft</unit>
      <columnIndex>97</columnIndex>
      <curveDescription>Curve96</curveDescription>
      <typeLogData>double</typeLogData>
    </logCurveInfo>
    <logCurveInfo uid="Curve97">
      <mnemonic>Curve97</mnemonic>
      <unit>ft</unit>
      <columnIndex>98</columnIndex>
      <curveDescription>Curve97</curveDescription>
      <typeLogData>double</typeLogData>
    </logCurveInfo>
    <logCurveInfo uid="Curve98">
      <mnemonic>Curve98</mnemonic>
      <unit>ft</unit>
      <columnIndex>99</columnIndex>
      <curveDescription>Curve98</curveDescription>
      <typeLogData>double</typeLogData>
    </logCurveInfo>
    <logCurveInfo uid="Curve99">
      <mnemonic>Curve99</mnemonic>
      <unit>ft</unit>
      <columnIndex>100</columnIndex>
      <curveDescription>Curve99</curveDescription>
      <typeLogData>double</typeLogData>
    </logCurveInfo>
    <logCurveInfo uid="Curve100">
      <mnemonic>Curve100</mnemonic>
      <unit>ft</unit>
      <columnIndex>101</columnIndex>
      <curveDescription>Curve100</curveDescription>
      <typeLogData>double</typeLogData>
    </logCurveInfo>
    <logCurveInfo uid="Curve101">
      <mnemonic>Curve101</mnemonic>
      <unit>ft</unit>
      <columnIndex>102</columnIndex>
      <curveDescription>Curve101</curveDescription>
      <typeLogData>double</typeLogData>
    </logCurveInfo>
    <logCurveInfo uid="Curve102">
      <mnemonic>Curve102</mnemonic>
      <unit>ft</unit>
      <columnIndex>103</columnIndex>
      <curveDescription>Curve102</curveDescription>
      <typeLogData>double</typeLogData>
    </logCurveInfo>
    <logCurveInfo uid="Curve103">
      <mnemonic>Curve103</mnemonic>
      <unit>ft</unit>
      <columnIndex>104</columnIndex>
      <curveDescription>Curve103</curveDescription>
      <typeLogData>double</typeLogData>
    </logCurveInfo>
    <logCurveInfo uid="Curve104">
      <mnemonic>Curve104</mnemonic>
      <unit>ft</unit>
      <columnIndex>105</columnIndex>
      <curveDescription>Curve104</curveDescription>
      <typeLogData>double</typeLogData>
    </logCurveInfo>
    <logCurveInfo uid="Curve105">
      <mnemonic>Curve105</mnemonic>
      <unit>ft</unit>
      <columnIndex>106</columnIndex>
      <curveDescription>Curve105</curveDescription>
      <typeLogData>double</typeLogData>
    </logCurveInfo>
    <logCurveInfo uid="Curve106">
      <mnemonic>Curve106</mnemonic>
      <unit>ft</unit>
      <columnIndex>107</columnIndex>
      <curveDescription>Curve106</curveDescription>
      <typeLogData>double</typeLogData>
    </logCurveInfo>
    <logCurveInfo uid="Curve107">
      <mnemonic>Curve107</mnemonic>
      <unit>ft</unit>
      <columnIndex>108</columnIndex>
      <curveDescription>Curve107</curveDescription>
      <typeLogData>double</typeLogData>
    </logCurveInfo>
    <logCurveInfo uid="Curve108">
      <mnemonic>Curve108</mnemonic>
      <unit>ft</unit>
      <columnIndex>109</columnIndex>
      <curveDescription>Curve108</curveDescription>
      <typeLogData>double</typeLogData>
    </logCurveInfo>
    <logCurveInfo uid="Curve109">
      <mnemonic>Curve109</mnemonic>
      <unit>ft</unit>
      <columnIndex>110</columnIndex>
      <curveDescription>Curve109</curveDescription>
      <typeLogData>double</typeLogData>
    </logCurveInfo>
    <logCurveInfo uid="Curve110">
      <mnemonic>Curve110</mnemonic>
      <unit>ft</unit>
      <columnIndex>111</columnIndex>
      <curveDescription>Curve110</curveDescription>
      <typeLogData>double</typeLogData>
    </logCurveInfo>
    <logCurveInfo uid="Curve111">
      <mnemonic>Curve111</mnemonic>
      <unit>ft</unit>
      <columnIndex>112</columnIndex>
      <curveDescription>Curve111</curveDescription>
      <typeLogData>double</typeLogData>
    </logCurveInfo>
    <logCurveInfo uid="Curve112">
      <mnemonic>Curve112</mnemonic>
      <unit>ft</unit>
      <columnIndex>113</columnIndex>
      <curveDescription>Curve112</curveDescription>
      <typeLogData>double</typeLogData>
    </logCurveInfo>
    <logCurveInfo uid="Curve113">
      <mnemonic>Curve113</mnemonic>
      <unit>ft</unit>
      <columnIndex>114</columnIndex>
      <curveDescription>Curve113</curveDescription>
      <typeLogData>double</typeLogData>
    </logCurveInfo>
    <logCurveInfo uid="Curve114">
      <mnemonic>Curve114</mnemonic>
      <unit>ft</unit>
      <columnIndex>115</columnIndex>
      <curveDescription>Curve114</curveDescription>
      <typeLogData>double</typeLogData>
    </logCurveInfo>
    <logCurveInfo uid="Curve115">
      <mnemonic>Curve115</mnemonic>
      <unit>ft</unit>
      <columnIndex>116</columnIndex>
      <curveDescription>Curve115</curveDescription>
      <typeLogData>double</typeLogData>
    </logCurveInfo>
    <logCurveInfo uid="Curve116">
      <mnemonic>Curve116</mnemonic>
      <unit>ft</unit>
      <columnIndex>117</columnIndex>
      <curveDescription>Curve116</curveDescription>
      <typeLogData>double</typeLogData>
    </logCurveInfo>
    <logCurveInfo uid="Curve117">
      <mnemonic>Curve117</mnemonic>
      <unit>ft</unit>
      <columnIndex>118</columnIndex>
      <curveDescription>Curve117</curveDescription>
      <typeLogData>double</typeLogData>
    </logCurveInfo>
    <logCurveInfo uid="Curve118">
      <mnemonic>Curve118</mnemonic>
      <unit>ft</unit>
      <columnIndex>119</columnIndex>
      <curveDescription>Curve118</curveDescription>
      <typeLogData>double</typeLogData>
    </logCurveInfo>
    <logCurveInfo uid="Curve119">
      <mnemonic>Curve119</mnemonic>
      <unit>ft</unit>
      <columnIndex>120</columnIndex>
      <curveDescription>Curve119</curveDescription>
      <typeLogData>double</typeLogData>
    </logCurveInfo>
    <logCurveInfo uid="Curve120">
      <mnemonic>Curve120</mnemonic>
      <unit>ft</unit>
      <columnIndex>121</columnIndex>
      <curveDescription>Curve120</curveDescription>
      <typeLogData>double</typeLogData>
    </logCurveInfo>
    <logCurveInfo uid="Curve121">
      <mnemonic>Curve121</mnemonic>
      <unit>ft</unit>
      <columnIndex>122</columnIndex>
      <curveDescription>Curve121</curveDescription>
      <typeLogData>double</typeLogData>
    </logCurveInfo>
    <logCurveInfo uid="Curve122">
      <mnemonic>Curve122</mnemonic>
      <unit>ft</unit>
      <columnIndex>123</columnIndex>
      <curveDescription>Curve122</curveDescription>
      <typeLogData>double</typeLogData>
    </logCurveInfo>
    <logCurveInfo uid="Curve123">
      <mnemonic>Curve123</mnemonic>
      <unit>ft</unit>
      <columnIndex>124</columnIndex>
      <curveDescription>Curve123</curveDescription>
      <typeLogData>double</typeLogData>
    </logCurveInfo>
    <logCurveInfo uid="Curve124">
      <mnemonic>Curve124</mnemonic>
      <unit>ft</unit>
      <columnIndex>125</columnIndex>
      <curveDescription>Curve124</curveDescription>
      <typeLogData>double</typeLogData>
    </logCurveInfo>
    <logCurveInfo uid="Curve125">
      <mnemonic>Curve125</mnemonic>
      <unit>ft</unit>
      <columnIndex>126</columnIndex>
      <curveDescription>Curve125</curveDescription>
      <typeLogData>double</typeLogData>
    </logCurveInfo>
    <logCurveInfo uid="Curve126">
      <mnemonic>Curve126</mnemonic>
      <unit>ft</unit>
      <columnIndex>127</columnIndex>
      <curveDescription>Curve126</curveDescription>
      <typeLogData>double</typeLogData>
    </logCurveInfo>
    <logCurveInfo uid="Curve127">
      <mnemonic>Curve127</mnemonic>
      <unit>ft</unit>
      <columnIndex>128</columnIndex>
      <curveDescription>Curve127</curveDescription>
      <typeLogData>double</typeLogData>
    </logCurveInfo>
    <logCurveInfo uid="Curve128">
      <mnemonic>Curve128</mnemonic>
      <unit>ft</unit>
      <columnIndex>129</columnIndex>
      <curveDescription>Curve128</curveDescription>
      <typeLogData>double</typeLogData>
    </logCurveInfo>
    <logCurveInfo uid="Curve129">
      <mnemonic>Curve129</mnemonic>
      <unit>ft</unit>
      <columnIndex>130</columnIndex>
      <curveDescription>Curve129</curveDescription>
      <typeLogData>double</typeLogData>
    </logCurveInfo>
    <logCurveInfo uid="Curve130">
      <mnemonic>Curve130</mnemonic>
      <unit>ft</unit>
      <columnIndex>131</columnIndex>
      <curveDescription>Curve130</curveDescription>
      <typeLogData>double</typeLogData>
    </logCurveInfo>
    <logCurveInfo uid="Curve131">
      <mnemonic>Curve131</mnemonic>
      <unit>ft</unit>
      <columnIndex>132</columnIndex>
      <curveDescription>Curve131</curveDescription>
      <typeLogData>double</typeLogData>
    </logCurveInfo>
    <logCurveInfo uid="Curve132">
      <mnemonic>Curve132</mnemonic>
      <unit>ft</unit>
      <columnIndex>133</columnIndex>
      <curveDescription>Curve132</curveDescription>
      <typeLogData>double</typeLogData>
    </logCurveInfo>
    <logCurveInfo uid="Curve133">
      <mnemonic>Curve133</mnemonic>
      <unit>ft</unit>
      <columnIndex>134</columnIndex>
      <curveDescription>Curve133</curveDescription>
      <typeLogData>double</typeLogData>
    </logCurveInfo>
    <logCurveInfo uid="Curve134">
      <mnemonic>Curve134</mnemonic>
      <unit>ft</unit>
      <columnIndex>135</columnIndex>
      <curveDescription>Curve134</curveDescription>
      <typeLogData>double</typeLogData>
    </logCurveInfo>
    <logCurveInfo uid="Curve135">
      <mnemonic>Curve135</mnemonic>
      <unit>ft</unit>
      <columnIndex>136</columnIndex>
      <curveDescription>Curve135</curveDescription>
      <typeLogData>double</typeLogData>
    </logCurveInfo>
    <logCurveInfo uid="Curve136">
      <mnemonic>Curve136</mnemonic>
      <unit>ft</unit>
      <columnIndex>137</columnIndex>
      <curveDescription>Curve136</curveDescription>
      <typeLogData>double</typeLogData>
    </logCurveInfo>
    <logCurveInfo uid="Curve137">
      <mnemonic>Curve137</mnemonic>
      <unit>ft</unit>
      <columnIndex>138</columnIndex>
      <curveDescription>Curve137</curveDescription>
      <typeLogData>double</typeLogData>
    </logCurveInfo>
    <logCurveInfo uid="Curve138">
      <mnemonic>Curve138</mnemonic>
      <unit>ft</unit>
      <columnIndex>139</columnIndex>
      <curveDescription>Curve138</curveDescription>
      <typeLogData>double</typeLogData>
    </logCurveInfo>
    <logCurveInfo uid="Curve139">
      <mnemonic>Curve139</mnemonic>
      <unit>ft</unit>
      <columnIndex>140</columnIndex>
      <curveDescription>Curve139</curveDescription>
      <typeLogData>double</typeLogData>
    </logCurveInfo>
    <logCurveInfo uid="Curve140">
      <mnemonic>Curve140</mnemonic>
      <unit>ft</unit>
      <columnIndex>141</columnIndex>
      <curveDescription>Curve140</curveDescription>
      <typeLogData>double</typeLogData>
    </logCurveInfo>
    <logCurveInfo uid="Curve141">
      <mnemonic>Curve141</mnemonic>
      <unit>ft</unit>
      <columnIndex>142</columnIndex>
      <curveDescription>Curve141</curveDescription>
      <typeLogData>double</typeLogData>
    </logCurveInfo>
    <logCurveInfo uid="Curve142">
      <mnemonic>Curve142</mnemonic>
      <unit>ft</unit>
      <columnIndex>143</columnIndex>
      <curveDescription>Curve142</curveDescription>
      <typeLogData>double</typeLogData>
    </logCurveInfo>
    <logCurveInfo uid="Curve143">
      <mnemonic>Curve143</mnemonic>
      <unit>ft</unit>
      <columnIndex>144</columnIndex>
      <curveDescription>Curve143</curveDescription>
      <typeLogData>double</typeLogData>
    </logCurveInfo>
    <logCurveInfo uid="Curve144">
      <mnemonic>Curve144</mnemonic>
      <unit>ft</unit>
      <columnIndex>145</columnIndex>
      <curveDescription>Curve144</curveDescription>
      <typeLogData>double</typeLogData>
    </logCurveInfo>
    <logCurveInfo uid="Curve145">
      <mnemonic>Curve145</mnemonic>
      <unit>ft</unit>
      <columnIndex>146</columnIndex>
      <curveDescription>Curve145</curveDescription>
      <typeLogData>double</typeLogData>
    </logCurveInfo>
    <logCurveInfo uid="Curve146">
      <mnemonic>Curve146</mnemonic>
      <unit>ft</unit>
      <columnIndex>147</columnIndex>
      <curveDescription>Curve146</curveDescription>
      <typeLogData>double</typeLogData>
    </logCurveInfo>
    <logCurveInfo uid="Curve147">
      <mnemonic>Curve147</mnemonic>
      <unit>ft</unit>
      <columnIndex>148</columnIndex>
      <curveDescription>Curve147</curveDescription>
      <typeLogData>double</typeLogData>
    </logCurveInfo>
    <logCurveInfo uid="Curve148">
      <mnemonic>Curve148</mnemonic>
      <unit>ft</unit>
      <columnIndex>149</columnIndex>
      <curveDescription>Curve148</curveDescription>
      <typeLogData>double</typeLogData>
    </logCurveInfo>
    <logCurveInfo uid="Curve149">
      <mnemonic>Curve149</mnemonic>
      <unit>ft</unit>
      <columnIndex>150</columnIndex>
      <curveDescription>Curve149</curveDescription>
      <typeLogData>double</typeLogData>
    </logCurveInfo>
    <logCurveInfo uid="Curve150">
      <mnemonic>Curve150</mnemonic>
      <unit>ft</unit>
      <columnIndex>151</columnIndex>
      <curveDescription>Curve150</curveDescription>
      <typeLogData>double</typeLogData>
    </logCurveInfo>
    <logCurveInfo uid="Curve151">
      <mnemonic>Curve151</mnemonic>
      <unit>ft</unit>
      <columnIndex>152</columnIndex>
      <curveDescription>Curve151</curveDescription>
      <typeLogData>double</typeLogData>
    </logCurveInfo>
    <logCurveInfo uid="Curve152">
      <mnemonic>Curve152</mnemonic>
      <unit>ft</unit>
      <columnIndex>153</columnIndex>
      <curveDescription>Curve152</curveDescription>
      <typeLogData>double</typeLogData>
    </logCurveInfo>
    <logCurveInfo uid="Curve153">
      <mnemonic>Curve153</mnemonic>
      <unit>ft</unit>
      <columnIndex>154</columnIndex>
      <curveDescription>Curve153</curveDescription>
      <typeLogData>double</typeLogData>
    </logCurveInfo>
    <logCurveInfo uid="Curve154">
      <mnemonic>Curve154</mnemonic>
      <unit>ft</unit>
      <columnIndex>155</columnIndex>
      <curveDescription>Curve154</curveDescription>
      <typeLogData>double</typeLogData>
    </logCurveInfo>
    <logCurveInfo uid="Curve155">
      <mnemonic>Curve155</mnemonic>
      <unit>ft</unit>
      <columnIndex>156</columnIndex>
      <curveDescription>Curve155</curveDescription>
      <typeLogData>double</typeLogData>
    </logCurveInfo>
    <logCurveInfo uid="Curve156">
      <mnemonic>Curve156</mnemonic>
      <unit>ft</unit>
      <columnIndex>157</columnIndex>
      <curveDescription>Curve156</curveDescription>
      <typeLogData>double</typeLogData>
    </logCurveInfo>
    <logCurveInfo uid="Curve157">
      <mnemonic>Curve157</mnemonic>
      <unit>ft</unit>
      <columnIndex>158</columnIndex>
      <curveDescription>Curve157</curveDescription>
      <typeLogData>double</typeLogData>
    </logCurveInfo>
    <logCurveInfo uid="Curve158">
      <mnemonic>Curve158</mnemonic>
      <unit>ft</unit>
      <columnIndex>159</columnIndex>
      <curveDescription>Curve158</curveDescription>
      <typeLogData>double</typeLogData>
    </logCurveInfo>
    <logCurveInfo uid="Curve159">
      <mnemonic>Curve159</mnemonic>
      <unit>ft</unit>
      <columnIndex>160</columnIndex>
      <curveDescription>Curve159</curveDescription>
      <typeLogData>double</typeLogData>
    </logCurveInfo>
    <logCurveInfo uid="Curve160">
      <mnemonic>Curve160</mnemonic>
      <unit>ft</unit>
      <columnIndex>161</columnIndex>
      <curveDescription>Curve160</curveDescription>
      <typeLogData>double</typeLogData>
    </logCurveInfo>
    <logCurveInfo uid="Curve161">
      <mnemonic>Curve161</mnemonic>
      <unit>ft</unit>
      <columnIndex>162</columnIndex>
      <curveDescription>Curve161</curveDescription>
      <typeLogData>double</typeLogData>
    </logCurveInfo>
    <logCurveInfo uid="Curve162">
      <mnemonic>Curve162</mnemonic>
      <unit>ft</unit>
      <columnIndex>163</columnIndex>
      <curveDescription>Curve162</curveDescription>
      <typeLogData>double</typeLogData>
    </logCurveInfo>
    <logCurveInfo uid="Curve163">
      <mnemonic>Curve163</mnemonic>
      <unit>ft</unit>
      <columnIndex>164</columnIndex>
      <curveDescription>Curve163</curveDescription>
      <typeLogData>double</typeLogData>
    </logCurveInfo>
    <logCurveInfo uid="Curve164">
      <mnemonic>Curve164</mnemonic>
      <unit>ft</unit>
      <columnIndex>165</columnIndex>
      <curveDescription>Curve164</curveDescription>
      <typeLogData>double</typeLogData>
    </logCurveInfo>
    <logCurveInfo uid="Curve165">
      <mnemonic>Curve165</mnemonic>
      <unit>ft</unit>
      <columnIndex>166</columnIndex>
      <curveDescription>Curve165</curveDescription>
      <typeLogData>double</typeLogData>
    </logCurveInfo>
    <logCurveInfo uid="Curve166">
      <mnemonic>Curve166</mnemonic>
      <unit>ft</unit>
      <columnIndex>167</columnIndex>
      <curveDescription>Curve166</curveDescription>
      <typeLogData>double</typeLogData>
    </logCurveInfo>
    <logCurveInfo uid="Curve167">
      <mnemonic>Curve167</mnemonic>
      <unit>ft</unit>
      <columnIndex>168</columnIndex>
      <curveDescription>Curve167</curveDescription>
      <typeLogData>double</typeLogData>
    </logCurveInfo>
    <logCurveInfo uid="Curve168">
      <mnemonic>Curve168</mnemonic>
      <unit>ft</unit>
      <columnIndex>169</columnIndex>
      <curveDescription>Curve168</curveDescription>
      <typeLogData>double</typeLogData>
    </logCurveInfo>
    <logCurveInfo uid="Curve169">
      <mnemonic>Curve169</mnemonic>
      <unit>ft</unit>
      <columnIndex>170</columnIndex>
      <curveDescription>Curve169</curveDescription>
      <typeLogData>double</typeLogData>
    </logCurveInfo>
    <logCurveInfo uid="Curve170">
      <mnemonic>Curve170</mnemonic>
      <unit>ft</unit>
      <columnIndex>171</columnIndex>
      <curveDescription>Curve170</curveDescription>
      <typeLogData>double</typeLogData>
    </logCurveInfo>
    <logCurveInfo uid="Curve171">
      <mnemonic>Curve171</mnemonic>
      <unit>ft</unit>
      <columnIndex>172</columnIndex>
      <curveDescription>Curve171</curveDescription>
      <typeLogData>double</typeLogData>
    </logCurveInfo>
    <logCurveInfo uid="Curve172">
      <mnemonic>Curve172</mnemonic>
      <unit>ft</unit>
      <columnIndex>173</columnIndex>
      <curveDescription>Curve172</curveDescription>
      <typeLogData>double</typeLogData>
    </logCurveInfo>
    <logCurveInfo uid="Curve173">
      <mnemonic>Curve173</mnemonic>
      <unit>ft</unit>
      <columnIndex>174</columnIndex>
      <curveDescription>Curve173</curveDescription>
      <typeLogData>double</typeLogData>
    </logCurveInfo>
    <logCurveInfo uid="Curve174">
      <mnemonic>Curve174</mnemonic>
      <unit>ft</unit>
      <columnIndex>175</columnIndex>
      <curveDescription>Curve174</curveDescription>
      <typeLogData>double</typeLogData>
    </logCurveInfo>
    <logCurveInfo uid="Curve175">
      <mnemonic>Curve175</mnemonic>
      <unit>ft</unit>
      <columnIndex>176</columnIndex>
      <curveDescription>Curve175</curveDescription>
      <typeLogData>double</typeLogData>
    </logCurveInfo>
    <logCurveInfo uid="Curve176">
      <mnemonic>Curve176</mnemonic>
      <unit>ft</unit>
      <columnIndex>177</columnIndex>
      <curveDescription>Curve176</curveDescription>
      <typeLogData>double</typeLogData>
    </logCurveInfo>
    <logCurveInfo uid="Curve177">
      <mnemonic>Curve177</mnemonic>
      <unit>ft</unit>
      <columnIndex>178</columnIndex>
      <curveDescription>Curve177</curveDescription>
      <typeLogData>double</typeLogData>
    </logCurveInfo>
    <logCurveInfo uid="Curve178">
      <mnemonic>Curve178</mnemonic>
      <unit>ft</unit>
      <columnIndex>179</columnIndex>
      <curveDescription>Curve178</curveDescription>
      <typeLogData>double</typeLogData>
    </logCurveInfo>
    <logCurveInfo uid="Curve179">
      <mnemonic>Curve179</mnemonic>
      <unit>ft</unit>
      <columnIndex>180</columnIndex>
      <curveDescription>Curve179</curveDescription>
      <typeLogData>double</typeLogData>
    </logCurveInfo>
    <logCurveInfo uid="Curve180">
      <mnemonic>Curve180</mnemonic>
      <unit>ft</unit>
      <columnIndex>181</columnIndex>
      <curveDescription>Curve180</curveDescription>
      <typeLogData>double</typeLogData>
    </logCurveInfo>
    <logCurveInfo uid="Curve181">
      <mnemonic>Curve181</mnemonic>
      <unit>ft</unit>
      <columnIndex>182</columnIndex>
      <curveDescription>Curve181</curveDescription>
      <typeLogData>double</typeLogData>
    </logCurveInfo>
    <logCurveInfo uid="Curve182">
      <mnemonic>Curve182</mnemonic>
      <unit>ft</unit>
      <columnIndex>183</columnIndex>
      <curveDescription>Curve182</curveDescription>
      <typeLogData>double</typeLogData>
    </logCurveInfo>
    <logCurveInfo uid="Curve183">
      <mnemonic>Curve183</mnemonic>
      <unit>ft</unit>
      <columnIndex>184</columnIndex>
      <curveDescription>Curve183</curveDescription>
      <typeLogData>double</typeLogData>
    </logCurveInfo>
    <logCurveInfo uid="Curve184">
      <mnemonic>Curve184</mnemonic>
      <unit>ft</unit>
      <columnIndex>185</columnIndex>
      <curveDescription>Curve184</curveDescription>
      <typeLogData>double</typeLogData>
    </logCurveInfo>
    <logCurveInfo uid="Curve185">
      <mnemonic>Curve185</mnemonic>
      <unit>ft</unit>
      <columnIndex>186</columnIndex>
      <curveDescription>Curve185</curveDescription>
      <typeLogData>double</typeLogData>
    </logCurveInfo>
    <logCurveInfo uid="Curve186">
      <mnemonic>Curve186</mnemonic>
      <unit>ft</unit>
      <columnIndex>187</columnIndex>
      <curveDescription>Curve186</curveDescription>
      <typeLogData>double</typeLogData>
    </logCurveInfo>
    <logCurveInfo uid="Curve187">
      <mnemonic>Curve187</mnemonic>
      <unit>ft</unit>
      <columnIndex>188</columnIndex>
      <curveDescription>Curve187</curveDescription>
      <typeLogData>double</typeLogData>
    </logCurveInfo>
    <logCurveInfo uid="Curve188">
      <mnemonic>Curve188</mnemonic>
      <unit>ft</unit>
      <columnIndex>189</columnIndex>
      <curveDescription>Curve188</curveDescription>
      <typeLogData>double</typeLogData>
    </logCurveInfo>
    <logCurveInfo uid="Curve189">
      <mnemonic>Curve189</mnemonic>
      <unit>ft</unit>
      <columnIndex>190</columnIndex>
      <curveDescription>Curve189</curveDescription>
      <typeLogData>double</typeLogData>
    </logCurveInfo>
    <logCurveInfo uid="Curve190">
      <mnemonic>Curve190</mnemonic>
      <unit>ft</unit>
      <columnIndex>191</columnIndex>
      <curveDescription>Curve190</curveDescription>
      <typeLogData>double</typeLogData>
    </logCurveInfo>
    <logCurveInfo uid="Curve191">
      <mnemonic>Curve191</mnemonic>
      <unit>ft</unit>
      <columnIndex>192</columnIndex>
      <curveDescription>Curve191</curveDescription>
      <typeLogData>double</typeLogData>
    </logCurveInfo>
    <logCurveInfo uid="Curve192">
      <mnemonic>Curve192</mnemonic>
      <unit>ft</unit>
      <columnIndex>193</columnIndex>
      <curveDescription>Curve192</curveDescription>
      <typeLogData>double</typeLogData>
    </logCurveInfo>
    <logCurveInfo uid="Curve193">
      <mnemonic>Curve193</mnemonic>
      <unit>ft</unit>
      <columnIndex>194</columnIndex>
      <curveDescription>Curve193</curveDescription>
      <typeLogData>double</typeLogData>
    </logCurveInfo>
    <logCurveInfo uid="Curve194">
      <mnemonic>Curve194</mnemonic>
      <unit>ft</unit>
      <columnIndex>195</columnIndex>
      <curveDescription>Curve194</curveDescription>
      <typeLogData>double</typeLogData>
    </logCurveInfo>
    <logCurveInfo uid="Curve195">
      <mnemonic>Curve195</mnemonic>
      <unit>ft</unit>
      <columnIndex>196</columnIndex>
      <curveDescription>Curve195</curveDescription>
      <typeLogData>double</typeLogData>
    </logCurveInfo>
    <logCurveInfo uid="Curve196">
      <mnemonic>Curve196</mnemonic>
      <unit>ft</unit>
      <columnIndex>197</columnIndex>
      <curveDescription>Curve196</curveDescription>
      <typeLogData>double</typeLogData>
    </logCurveInfo>
    <logCurveInfo uid="Curve197">
      <mnemonic>Curve197</mnemonic>
      <unit>ft</unit>
      <columnIndex>198</columnIndex>
      <curveDescription>Curve197</curveDescription>
      <typeLogData>double</typeLogData>
    </logCurveInfo>
    <logCurveInfo uid="Curve198">
      <mnemonic>Curve198</mnemonic>
      <unit>ft</unit>
      <columnIndex>199</columnIndex>
      <curveDescription>Curve198</curveDescription>
      <typeLogData>double</typeLogData>
    </logCurveInfo>
    <logCurveInfo uid="Curve199">
      <mnemonic>Curve199</mnemonic>
      <unit>ft</unit>
      <columnIndex>200</columnIndex>
      <curveDescription>Curve199</curveDescription>
      <typeLogData>double</typeLogData>
    </logCurveInfo>
    <logCurveInfo uid="Curve200">
      <mnemonic>Curve200</mnemonic>
      <unit>ft</unit>
      <columnIndex>201</columnIndex>
      <curveDescription>Curve200</curveDescription>
      <typeLogData>double</typeLogData>
    </logCurveInfo>
    <logCurveInfo uid="Curve201">
      <mnemonic>Curve201</mnemonic>
      <unit>ft</unit>
      <columnIndex>202</columnIndex>
      <curveDescription>Curve201</curveDescription>
      <typeLogData>double</typeLogData>
    </logCurveInfo>
    <logCurveInfo uid="Curve202">
      <mnemonic>Curve202</mnemonic>
      <unit>ft</unit>
      <columnIndex>203</columnIndex>
      <curveDescription>Curve202</curveDescription>
      <typeLogData>double</typeLogData>
    </logCurveInfo>
    <logCurveInfo uid="Curve203">
      <mnemonic>Curve203</mnemonic>
      <unit>ft</unit>
      <columnIndex>204</columnIndex>
      <curveDescription>Curve203</curveDescription>
      <typeLogData>double</typeLogData>
    </logCurveInfo>
    <logCurveInfo uid="Curve204">
      <mnemonic>Curve204</mnemonic>
      <unit>ft</unit>
      <columnIndex>205</columnIndex>
      <curveDescription>Curve204</curveDescription>
      <typeLogData>double</typeLogData>
    </logCurveInfo>
    <logCurveInfo uid="Curve205">
      <mnemonic>Curve205</mnemonic>
      <unit>ft</unit>
      <columnIndex>206</columnIndex>
      <curveDescription>Curve205</curveDescription>
      <typeLogData>double</typeLogData>
    </logCurveInfo>
    <logCurveInfo uid="Curve206">
      <mnemonic>Curve206</mnemonic>
      <unit>ft</unit>
      <columnIndex>207</columnIndex>
      <curveDescription>Curve206</curveDescription>
      <typeLogData>double</typeLogData>
    </logCurveInfo>
    <logCurveInfo uid="Curve207">
      <mnemonic>Curve207</mnemonic>
      <unit>ft</unit>
      <columnIndex>208</columnIndex>
      <curveDescription>Curve207</curveDescription>
      <typeLogData>double</typeLogData>
    </logCurveInfo>
    <logCurveInfo uid="Curve208">
      <mnemonic>Curve208</mnemonic>
      <unit>ft</unit>
      <columnIndex>209</columnIndex>
      <curveDescription>Curve208</curveDescription>
      <typeLogData>double</typeLogData>
    </logCurveInfo>
    <logCurveInfo uid="Curve209">
      <mnemonic>Curve209</mnemonic>
      <unit>ft</unit>
      <columnIndex>210</columnIndex>
      <curveDescription>Curve209</curveDescription>
      <typeLogData>double</typeLogData>
    </logCurveInfo>
    <logCurveInfo uid="Curve210">
      <mnemonic>Curve210</mnemonic>
      <unit>ft</unit>
      <columnIndex>211</columnIndex>
      <curveDescription>Curve210</curveDescription>
      <typeLogData>double</typeLogData>
    </logCurveInfo>
    <logCurveInfo uid="Curve211">
      <mnemonic>Curve211</mnemonic>
      <unit>ft</unit>
      <columnIndex>212</columnIndex>
      <curveDescription>Curve211</curveDescription>
      <typeLogData>double</typeLogData>
    </logCurveInfo>
    <logCurveInfo uid="Curve212">
      <mnemonic>Curve212</mnemonic>
      <unit>ft</unit>
      <columnIndex>213</columnIndex>
      <curveDescription>Curve212</curveDescription>
      <typeLogData>double</typeLogData>
    </logCurveInfo>
    <logCurveInfo uid="Curve213">
      <mnemonic>Curve213</mnemonic>
      <unit>ft</unit>
      <columnIndex>214</columnIndex>
      <curveDescription>Curve213</curveDescription>
      <typeLogData>double</typeLogData>
    </logCurveInfo>
    <logCurveInfo uid="Curve214">
      <mnemonic>Curve214</mnemonic>
      <unit>ft</unit>
      <columnIndex>215</columnIndex>
      <curveDescription>Curve214</curveDescription>
      <typeLogData>double</typeLogData>
    </logCurveInfo>
    <logCurveInfo uid="Curve215">
      <mnemonic>Curve215</mnemonic>
      <unit>ft</unit>
      <columnIndex>216</columnIndex>
      <curveDescription>Curve215</curveDescription>
      <typeLogData>double</typeLogData>
    </logCurveInfo>
    <logCurveInfo uid="Curve216">
      <mnemonic>Curve216</mnemonic>
      <unit>ft</unit>
      <columnIndex>217</columnIndex>
      <curveDescription>Curve216</curveDescription>
      <typeLogData>double</typeLogData>
    </logCurveInfo>
    <logCurveInfo uid="Curve217">
      <mnemonic>Curve217</mnemonic>
      <unit>ft</unit>
      <columnIndex>218</columnIndex>
      <curveDescription>Curve217</curveDescription>
      <typeLogData>double</typeLogData>
    </logCurveInfo>
    <logCurveInfo uid="Curve218">
      <mnemonic>Curve218</mnemonic>
      <unit>ft</unit>
      <columnIndex>219</columnIndex>
      <curveDescription>Curve218</curveDescription>
      <typeLogData>double</typeLogData>
    </logCurveInfo>
    <logCurveInfo uid="Curve219">
      <mnemonic>Curve219</mnemonic>
      <unit>ft</unit>
      <columnIndex>220</columnIndex>
      <curveDescription>Curve219</curveDescription>
      <typeLogData>double</typeLogData>
    </logCurveInfo>
    <logCurveInfo uid="Curve220">
      <mnemonic>Curve220</mnemonic>
      <unit>ft</unit>
      <columnIndex>221</columnIndex>
      <curveDescription>Curve220</curveDescription>
      <typeLogData>double</typeLogData>
    </logCurveInfo>
    <logCurveInfo uid="Curve221">
      <mnemonic>Curve221</mnemonic>
      <unit>ft</unit>
      <columnIndex>222</columnIndex>
      <curveDescription>Curve221</curveDescription>
      <typeLogData>double</typeLogData>
    </logCurveInfo>
    <logCurveInfo uid="Curve222">
      <mnemonic>Curve222</mnemonic>
      <unit>ft</unit>
      <columnIndex>223</columnIndex>
      <curveDescription>Curve222</curveDescription>
      <typeLogData>double</typeLogData>
    </logCurveInfo>
    <logCurveInfo uid="Curve223">
      <mnemonic>Curve223</mnemonic>
      <unit>ft</unit>
      <columnIndex>224</columnIndex>
      <curveDescription>Curve223</curveDescription>
      <typeLogData>double</typeLogData>
    </logCurveInfo>
    <logCurveInfo uid="Curve224">
      <mnemonic>Curve224</mnemonic>
      <unit>ft</unit>
      <columnIndex>225</columnIndex>
      <curveDescription>Curve224</curveDescription>
      <typeLogData>double</typeLogData>
    </logCurveInfo>
    <logCurveInfo uid="Curve225">
      <mnemonic>Curve225</mnemonic>
      <unit>ft</unit>
      <columnIndex>226</columnIndex>
      <curveDescription>Curve225</curveDescription>
      <typeLogData>double</typeLogData>
    </logCurveInfo>
    <logCurveInfo uid="Curve226">
      <mnemonic>Curve226</mnemonic>
      <unit>ft</unit>
      <columnIndex>227</columnIndex>
      <curveDescription>Curve226</curveDescription>
      <typeLogData>double</typeLogData>
    </logCurveInfo>
    <logCurveInfo uid="Curve227">
      <mnemonic>Curve227</mnemonic>
      <unit>ft</unit>
      <columnIndex>228</columnIndex>
      <curveDescription>Curve227</curveDescription>
      <typeLogData>double</typeLogData>
    </logCurveInfo>
    <logCurveInfo uid="Curve228">
      <mnemonic>Curve228</mnemonic>
      <unit>ft</unit>
      <columnIndex>229</columnIndex>
      <curveDescription>Curve228</curveDescription>
      <typeLogData>double</typeLogData>
    </logCurveInfo>
    <logCurveInfo uid="Curve229">
      <mnemonic>Curve229</mnemonic>
      <unit>ft</unit>
      <columnIndex>230</columnIndex>
      <curveDescription>Curve229</curveDescription>
      <typeLogData>double</typeLogData>
    </logCurveInfo>
    <logCurveInfo uid="Curve230">
      <mnemonic>Curve230</mnemonic>
      <unit>ft</unit>
      <columnIndex>231</columnIndex>
      <curveDescription>Curve230</curveDescription>
      <typeLogData>double</typeLogData>
    </logCurveInfo>
    <logCurveInfo uid="Curve231">
      <mnemonic>Curve231</mnemonic>
      <unit>ft</unit>
      <columnIndex>232</columnIndex>
      <curveDescription>Curve231</curveDescription>
      <typeLogData>double</typeLogData>
    </logCurveInfo>
    <logCurveInfo uid="Curve232">
      <mnemonic>Curve232</mnemonic>
      <unit>ft</unit>
      <columnIndex>233</columnIndex>
      <curveDescription>Curve232</curveDescription>
      <typeLogData>double</typeLogData>
    </logCurveInfo>
    <logCurveInfo uid="Curve233">
      <mnemonic>Curve233</mnemonic>
      <unit>ft</unit>
      <columnIndex>234</columnIndex>
      <curveDescription>Curve233</curveDescription>
      <typeLogData>double</typeLogData>
    </logCurveInfo>
    <logCurveInfo uid="Curve234">
      <mnemonic>Curve234</mnemonic>
      <unit>ft</unit>
      <columnIndex>235</columnIndex>
      <curveDescription>Curve234</curveDescription>
      <typeLogData>double</typeLogData>
    </logCurveInfo>
    <logCurveInfo uid="Curve235">
      <mnemonic>Curve235</mnemonic>
      <unit>ft</unit>
      <columnIndex>236</columnIndex>
      <curveDescription>Curve235</curveDescription>
      <typeLogData>double</typeLogData>
    </logCurveInfo>
    <logCurveInfo uid="Curve236">
      <mnemonic>Curve236</mnemonic>
      <unit>ft</unit>
      <columnIndex>237</columnIndex>
      <curveDescription>Curve236</curveDescription>
      <typeLogData>double</typeLogData>
    </logCurveInfo>
    <logCurveInfo uid="Curve237">
      <mnemonic>Curve237</mnemonic>
      <unit>ft</unit>
      <columnIndex>238</columnIndex>
      <curveDescription>Curve237</curveDescription>
      <typeLogData>double</typeLogData>
    </logCurveInfo>
    <logCurveInfo uid="Curve238">
      <mnemonic>Curve238</mnemonic>
      <unit>ft</unit>
      <columnIndex>239</columnIndex>
      <curveDescription>Curve238</curveDescription>
      <typeLogData>double</typeLogData>
    </logCurveInfo>
    <logCurveInfo uid="Curve239">
      <mnemonic>Curve239</mnemonic>
      <unit>ft</unit>
      <columnIndex>240</columnIndex>
      <curveDescription>Curve239</curveDescription>
      <typeLogData>double</typeLogData>
    </logCurveInfo>
    <logCurveInfo uid="Curve240">
      <mnemonic>Curve240</mnemonic>
      <unit>ft</unit>
      <columnIndex>241</columnIndex>
      <curveDescription>Curve240</curveDescription>
      <typeLogData>double</typeLogData>
    </logCurveInfo>
    <logCurveInfo uid="Curve241">
      <mnemonic>Curve241</mnemonic>
      <unit>ft</unit>
      <columnIndex>242</columnIndex>
      <curveDescription>Curve241</curveDescription>
      <typeLogData>double</typeLogData>
    </logCurveInfo>
    <logCurveInfo uid="Curve242">
      <mnemonic>Curve242</mnemonic>
      <unit>ft</unit>
      <columnIndex>243</columnIndex>
      <curveDescription>Curve242</curveDescription>
      <typeLogData>double</typeLogData>
    </logCurveInfo>
    <logCurveInfo uid="Curve243">
      <mnemonic>Curve243</mnemonic>
      <unit>ft</unit>
      <columnIndex>244</columnIndex>
      <curveDescription>Curve243</curveDescription>
      <typeLogData>double</typeLogData>
    </logCurveInfo>
    <logCurveInfo uid="Curve244">
      <mnemonic>Curve244</mnemonic>
      <unit>ft</unit>
      <columnIndex>245</columnIndex>
      <curveDescription>Curve244</curveDescription>
      <typeLogData>double</typeLogData>
    </logCurveInfo>
    <logCurveInfo uid="Curve245">
      <mnemonic>Curve245</mnemonic>
      <unit>ft</unit>
      <columnIndex>246</columnIndex>
      <curveDescription>Curve245</curveDescription>
      <typeLogData>double</typeLogData>
    </logCurveInfo>
    <logCurveInfo uid="Curve246">
      <mnemonic>Curve246</mnemonic>
      <unit>ft</unit>
      <columnIndex>247</columnIndex>
      <curveDescription>Curve246</curveDescription>
      <typeLogData>double</typeLogData>
    </logCurveInfo>
    <logCurveInfo uid="Curve247">
      <mnemonic>Curve247</mnemonic>
      <unit>ft</unit>
      <columnIndex>248</columnIndex>
      <curveDescription>Curve247</curveDescription>
      <typeLogData>double</typeLogData>
    </logCurveInfo>
    <logCurveInfo uid="Curve248">
      <mnemonic>Curve248</mnemonic>
      <unit>ft</unit>
      <columnIndex>249</columnIndex>
      <curveDescription>Curve248</curveDescription>
      <typeLogData>double</typeLogData>
    </logCurveInfo>
    <logCurveInfo uid="Curve249">
      <mnemonic>Curve249</mnemonic>
      <unit>ft</unit>
      <columnIndex>250</columnIndex>
      <curveDescription>Curve249</curveDescription>
      <typeLogData>double</typeLogData>
    </logCurveInfo>
    <logCurveInfo uid="Curve250">
      <mnemonic>Curve250</mnemonic>
      <unit>ft</unit>
      <columnIndex>251</columnIndex>
      <curveDescription>Curve250</curveDescription>
      <typeLogData>double</typeLogData>
    </logCurveInfo>
    <logCurveInfo uid="Curve251">
      <mnemonic>Curve251</mnemonic>
      <unit>ft</unit>
      <columnIndex>252</columnIndex>
      <curveDescription>Curve251</curveDescription>
      <typeLogData>double</typeLogData>
    </logCurveInfo>
    <logCurveInfo uid="Curve252">
      <mnemonic>Curve252</mnemonic>
      <unit>ft</unit>
      <columnIndex>253</columnIndex>
      <curveDescription>Curve252</curveDescription>
      <typeLogData>double</typeLogData>
    </logCurveInfo>
    <logCurveInfo uid="Curve253">
      <mnemonic>Curve253</mnemonic>
      <unit>ft</unit>
      <columnIndex>254</columnIndex>
      <curveDescription>Curve253</curveDescription>
      <typeLogData>double</typeLogData>
    </logCurveInfo>
    <logCurveInfo uid="Curve254">
      <mnemonic>Curve254</mnemonic>
      <unit>ft</unit>
      <columnIndex>255</columnIndex>
      <curveDescription>Curve254</curveDescription>
      <typeLogData>double</typeLogData>
    </logCurveInfo>
    <logCurveInfo uid="Curve255">
      <mnemonic>Curve255</mnemonic>
      <unit>ft</unit>
      <columnIndex>256</columnIndex>
      <curveDescription>Curve255</curveDescription>
      <typeLogData>double</typeLogData>
    </logCurveInfo>
    <logCurveInfo uid="Curve256">
      <mnemonic>Curve256</mnemonic>
      <unit>ft</unit>
      <columnIndex>257</columnIndex>
      <curveDescription>Curve256</curveDescription>
      <typeLogData>double</typeLogData>
    </logCurveInfo>
    <logCurveInfo uid="Curve257">
      <mnemonic>Curve257</mnemonic>
      <unit>ft</unit>
      <columnIndex>258</columnIndex>
      <curveDescription>Curve257</curveDescription>
      <typeLogData>double</typeLogData>
    </logCurveInfo>
    <logCurveInfo uid="Curve258">
      <mnemonic>Curve258</mnemonic>
      <unit>ft</unit>
      <columnIndex>259</columnIndex>
      <curveDescription>Curve258</curveDescription>
      <typeLogData>double</typeLogData>
    </logCurveInfo>
    <logCurveInfo uid="Curve259">
      <mnemonic>Curve259</mnemonic>
      <unit>ft</unit>
      <columnIndex>260</columnIndex>
      <curveDescription>Curve259</curveDescription>
      <typeLogData>double</typeLogData>
    </logCurveInfo>
    <logCurveInfo uid="Curve260">
      <mnemonic>Curve260</mnemonic>
      <unit>ft</unit>
      <columnIndex>261</columnIndex>
      <curveDescription>Curve260</curveDescription>
      <typeLogData>double</typeLogData>
    </logCurveInfo>
    <logCurveInfo uid="Curve261">
      <mnemonic>Curve261</mnemonic>
      <unit>ft</unit>
      <columnIndex>262</columnIndex>
      <curveDescription>Curve261</curveDescription>
      <typeLogData>double</typeLogData>
    </logCurveInfo>
    <logCurveInfo uid="Curve262">
      <mnemonic>Curve262</mnemonic>
      <unit>ft</unit>
      <columnIndex>263</columnIndex>
      <curveDescription>Curve262</curveDescription>
      <typeLogData>double</typeLogData>
    </logCurveInfo>
    <logCurveInfo uid="Curve263">
      <mnemonic>Curve263</mnemonic>
      <unit>ft</unit>
      <columnIndex>264</columnIndex>
      <curveDescription>Curve263</curveDescription>
      <typeLogData>double</typeLogData>
    </logCurveInfo>
    <logCurveInfo uid="Curve264">
      <mnemonic>Curve264</mnemonic>
      <unit>ft</unit>
      <columnIndex>265</columnIndex>
      <curveDescription>Curve264</curveDescription>
      <typeLogData>double</typeLogData>
    </logCurveInfo>
    <logCurveInfo uid="Curve265">
      <mnemonic>Curve265</mnemonic>
      <unit>ft</unit>
      <columnIndex>266</columnIndex>
      <curveDescription>Curve265</curveDescription>
      <typeLogData>double</typeLogData>
    </logCurveInfo>
    <logCurveInfo uid="Curve266">
      <mnemonic>Curve266</mnemonic>
      <unit>ft</unit>
      <columnIndex>267</columnIndex>
      <curveDescription>Curve266</curveDescription>
      <typeLogData>double</typeLogData>
    </logCurveInfo>
    <logCurveInfo uid="Curve267">
      <mnemonic>Curve267</mnemonic>
      <unit>ft</unit>
      <columnIndex>268</columnIndex>
      <curveDescription>Curve267</curveDescription>
      <typeLogData>double</typeLogData>
    </logCurveInfo>
    <logCurveInfo uid="Curve268">
      <mnemonic>Curve268</mnemonic>
      <unit>ft</unit>
      <columnIndex>269</columnIndex>
      <curveDescription>Curve268</curveDescription>
      <typeLogData>double</typeLogData>
    </logCurveInfo>
    <logCurveInfo uid="Curve269">
      <mnemonic>Curve269</mnemonic>
      <unit>ft</unit>
      <columnIndex>270</columnIndex>
      <curveDescription>Curve269</curveDescription>
      <typeLogData>double</typeLogData>
    </logCurveInfo>
    <logCurveInfo uid="Curve270">
      <mnemonic>Curve270</mnemonic>
      <unit>ft</unit>
      <columnIndex>271</columnIndex>
      <curveDescription>Curve270</curveDescription>
      <typeLogData>double</typeLogData>
    </logCurveInfo>
    <logCurveInfo uid="Curve271">
      <mnemonic>Curve271</mnemonic>
      <unit>ft</unit>
      <columnIndex>272</columnIndex>
      <curveDescription>Curve271</curveDescription>
      <typeLogData>double</typeLogData>
    </logCurveInfo>
    <logCurveInfo uid="Curve272">
      <mnemonic>Curve272</mnemonic>
      <unit>ft</unit>
      <columnIndex>273</columnIndex>
      <curveDescription>Curve272</curveDescription>
      <typeLogData>double</typeLogData>
    </logCurveInfo>
    <logCurveInfo uid="Curve273">
      <mnemonic>Curve273</mnemonic>
      <unit>ft</unit>
      <columnIndex>274</columnIndex>
      <curveDescription>Curve273</curveDescription>
      <typeLogData>double</typeLogData>
    </logCurveInfo>
    <logCurveInfo uid="Curve274">
      <mnemonic>Curve274</mnemonic>
      <unit>ft</unit>
      <columnIndex>275</columnIndex>
      <curveDescription>Curve274</curveDescription>
      <typeLogData>double</typeLogData>
    </logCurveInfo>
    <logCurveInfo uid="Curve275">
      <mnemonic>Curve275</mnemonic>
      <unit>ft</unit>
      <columnIndex>276</columnIndex>
      <curveDescription>Curve275</curveDescription>
      <typeLogData>double</typeLogData>
    </logCurveInfo>
    <logCurveInfo uid="Curve276">
      <mnemonic>Curve276</mnemonic>
      <unit>ft</unit>
      <columnIndex>277</columnIndex>
      <curveDescription>Curve276</curveDescription>
      <typeLogData>double</typeLogData>
    </logCurveInfo>
    <logCurveInfo uid="Curve277">
      <mnemonic>Curve277</mnemonic>
      <unit>ft</unit>
      <columnIndex>278</columnIndex>
      <curveDescription>Curve277</curveDescription>
      <typeLogData>double</typeLogData>
    </logCurveInfo>
    <logCurveInfo uid="Curve278">
      <mnemonic>Curve278</mnemonic>
      <unit>ft</unit>
      <columnIndex>279</columnIndex>
      <curveDescription>Curve278</curveDescription>
      <typeLogData>double</typeLogData>
    </logCurveInfo>
    <logCurveInfo uid="Curve279">
      <mnemonic>Curve279</mnemonic>
      <unit>ft</unit>
      <columnIndex>280</columnIndex>
      <curveDescription>Curve279</curveDescription>
      <typeLogData>double</typeLogData>
    </logCurveInfo>
    <logCurveInfo uid="Curve280">
      <mnemonic>Curve280</mnemonic>
      <unit>ft</unit>
      <columnIndex>281</columnIndex>
      <curveDescription>Curve280</curveDescription>
      <typeLogData>double</typeLogData>
    </logCurveInfo>
    <logCurveInfo uid="Curve281">
      <mnemonic>Curve281</mnemonic>
      <unit>ft</unit>
      <columnIndex>282</columnIndex>
      <curveDescription>Curve281</curveDescription>
      <typeLogData>double</typeLogData>
    </logCurveInfo>
    <logCurveInfo uid="Curve282">
      <mnemonic>Curve282</mnemonic>
      <unit>ft</unit>
      <columnIndex>283</columnIndex>
      <curveDescription>Curve282</curveDescription>
      <typeLogData>double</typeLogData>
    </logCurveInfo>
    <logCurveInfo uid="Curve283">
      <mnemonic>Curve283</mnemonic>
      <unit>ft</unit>
      <columnIndex>284</columnIndex>
      <curveDescription>Curve283</curveDescription>
      <typeLogData>double</typeLogData>
    </logCurveInfo>
    <logCurveInfo uid="Curve284">
      <mnemonic>Curve284</mnemonic>
      <unit>ft</unit>
      <columnIndex>285</columnIndex>
      <curveDescription>Curve284</curveDescription>
      <typeLogData>double</typeLogData>
    </logCurveInfo>
    <logCurveInfo uid="Curve285">
      <mnemonic>Curve285</mnemonic>
      <unit>ft</unit>
      <columnIndex>286</columnIndex>
      <curveDescription>Curve285</curveDescription>
      <typeLogData>double</typeLogData>
    </logCurveInfo>
    <logCurveInfo uid="Curve286">
      <mnemonic>Curve286</mnemonic>
      <unit>ft</unit>
      <columnIndex>287</columnIndex>
      <curveDescription>Curve286</curveDescription>
      <typeLogData>double</typeLogData>
    </logCurveInfo>
    <logCurveInfo uid="Curve287">
      <mnemonic>Curve287</mnemonic>
      <unit>ft</unit>
      <columnIndex>288</columnIndex>
      <curveDescription>Curve287</curveDescription>
      <typeLogData>double</typeLogData>
    </logCurveInfo>
    <logCurveInfo uid="Curve288">
      <mnemonic>Curve288</mnemonic>
      <unit>ft</unit>
      <columnIndex>289</columnIndex>
      <curveDescription>Curve288</curveDescription>
      <typeLogData>double</typeLogData>
    </logCurveInfo>
    <logCurveInfo uid="Curve289">
      <mnemonic>Curve289</mnemonic>
      <unit>ft</unit>
      <columnIndex>290</columnIndex>
      <curveDescription>Curve289</curveDescription>
      <typeLogData>double</typeLogData>
    </logCurveInfo>
    <logCurveInfo uid="Curve290">
      <mnemonic>Curve290</mnemonic>
      <unit>ft</unit>
      <columnIndex>291</columnIndex>
      <curveDescription>Curve290</curveDescription>
      <typeLogData>double</typeLogData>
    </logCurveInfo>
    <logCurveInfo uid="Curve291">
      <mnemonic>Curve291</mnemonic>
      <unit>ft</unit>
      <columnIndex>292</columnIndex>
      <curveDescription>Curve291</curveDescription>
      <typeLogData>double</typeLogData>
    </logCurveInfo>
    <logCurveInfo uid="Curve292">
      <mnemonic>Curve292</mnemonic>
      <unit>ft</unit>
      <columnIndex>293</columnIndex>
      <curveDescription>Curve292</curveDescription>
      <typeLogData>double</typeLogData>
    </logCurveInfo>
    <logCurveInfo uid="Curve293">
      <mnemonic>Curve293</mnemonic>
      <unit>ft</unit>
      <columnIndex>294</columnIndex>
      <curveDescription>Curve293</curveDescription>
      <typeLogData>double</typeLogData>
    </logCurveInfo>
    <logCurveInfo uid="Curve294">
      <mnemonic>Curve294</mnemonic>
      <unit>ft</unit>
      <columnIndex>295</columnIndex>
      <curveDescription>Curve294</curveDescription>
      <typeLogData>double</typeLogData>
    </logCurveInfo>
    <logCurveInfo uid="Curve295">
      <mnemonic>Curve295</mnemonic>
      <unit>ft</unit>
      <columnIndex>296</columnIndex>
      <curveDescription>Curve295</curveDescription>
      <typeLogData>double</typeLogData>
    </logCurveInfo>
    <logCurveInfo uid="Curve296">
      <mnemonic>Curve296</mnemonic>
      <unit>ft</unit>
      <columnIndex>297</columnIndex>
      <curveDescription>Curve296</curveDescription>
      <typeLogData>double</typeLogData>
    </logCurveInfo>
    <logCurveInfo uid="Curve297">
      <mnemonic>Curve297</mnemonic>
      <unit>ft</unit>
      <columnIndex>298</columnIndex>
      <curveDescription>Curve297</curveDescription>
      <typeLogData>double</typeLogData>
    </logCurveInfo>
    <logCurveInfo uid="Curve298">
      <mnemonic>Curve298</mnemonic>
      <unit>ft</unit>
      <columnIndex>299</columnIndex>
      <curveDescription>Curve298</curveDescription>
      <typeLogData>double</typeLogData>
    </logCurveInfo>
    <logCurveInfo uid="Curve299">
      <mnemonic>Curve299</mnemonic>
      <unit>ft</unit>
      <columnIndex>300</columnIndex>
      <curveDescription>Curve299</curveDescription>
      <typeLogData>double</typeLogData>
    </logCurveInfo>
    <logCurveInfo uid="Curve300">
      <mnemonic>Curve300</mnemonic>
      <unit>ft</unit>
      <columnIndex>301</columnIndex>
      <curveDescription>Curve300</curveDescription>
      <typeLogData>double</typeLogData>
    </logCurveInfo>
    <logCurveInfo uid="Curve301">
      <mnemonic>Curve301</mnemonic>
      <unit>ft</unit>
      <columnIndex>302</columnIndex>
      <curveDescription>Curve301</curveDescription>
      <typeLogData>double</typeLogData>
    </logCurveInfo>
    <logCurveInfo uid="Curve302">
      <mnemonic>Curve302</mnemonic>
      <unit>ft</unit>
      <columnIndex>303</columnIndex>
      <curveDescription>Curve302</curveDescription>
      <typeLogData>double</typeLogData>
    </logCurveInfo>
    <logCurveInfo uid="Curve303">
      <mnemonic>Curve303</mnemonic>
      <unit>ft</unit>
      <columnIndex>304</columnIndex>
      <curveDescription>Curve303</curveDescription>
      <typeLogData>double</typeLogData>
    </logCurveInfo>
    <logCurveInfo uid="Curve304">
      <mnemonic>Curve304</mnemonic>
      <unit>ft</unit>
      <columnIndex>305</columnIndex>
      <curveDescription>Curve304</curveDescription>
      <typeLogData>double</typeLogData>
    </logCurveInfo>
    <logCurveInfo uid="Curve305">
      <mnemonic>Curve305</mnemonic>
      <unit>ft</unit>
      <columnIndex>306</columnIndex>
      <curveDescription>Curve305</curveDescription>
      <typeLogData>double</typeLogData>
    </logCurveInfo>
    <logCurveInfo uid="Curve306">
      <mnemonic>Curve306</mnemonic>
      <unit>ft</unit>
      <columnIndex>307</columnIndex>
      <curveDescription>Curve306</curveDescription>
      <typeLogData>double</typeLogData>
    </logCurveInfo>
    <logCurveInfo uid="Curve307">
      <mnemonic>Curve307</mnemonic>
      <unit>ft</unit>
      <columnIndex>308</columnIndex>
      <curveDescription>Curve307</curveDescription>
      <typeLogData>double</typeLogData>
    </logCurveInfo>
    <logCurveInfo uid="Curve308">
      <mnemonic>Curve308</mnemonic>
      <unit>ft</unit>
      <columnIndex>309</columnIndex>
      <curveDescription>Curve308</curveDescription>
      <typeLogData>double</typeLogData>
    </logCurveInfo>
    <logCurveInfo uid="Curve309">
      <mnemonic>Curve309</mnemonic>
      <unit>ft</unit>
      <columnIndex>310</columnIndex>
      <curveDescription>Curve309</curveDescription>
      <typeLogData>double</typeLogData>
    </logCurveInfo>
    <logCurveInfo uid="Curve310">
      <mnemonic>Curve310</mnemonic>
      <unit>ft</unit>
      <columnIndex>311</columnIndex>
      <curveDescription>Curve310</curveDescription>
      <typeLogData>double</typeLogData>
    </logCurveInfo>
    <logCurveInfo uid="Curve311">
      <mnemonic>Curve311</mnemonic>
      <unit>ft</unit>
      <columnIndex>312</columnIndex>
      <curveDescription>Curve311</curveDescription>
      <typeLogData>double</typeLogData>
    </logCurveInfo>
    <logCurveInfo uid="Curve312">
      <mnemonic>Curve312</mnemonic>
      <unit>ft</unit>
      <columnIndex>313</columnIndex>
      <curveDescription>Curve312</curveDescription>
      <typeLogData>double</typeLogData>
    </logCurveInfo>
    <logCurveInfo uid="Curve313">
      <mnemonic>Curve313</mnemonic>
      <unit>ft</unit>
      <columnIndex>314</columnIndex>
      <curveDescription>Curve313</curveDescription>
      <typeLogData>double</typeLogData>
    </logCurveInfo>
    <logCurveInfo uid="Curve314">
      <mnemonic>Curve314</mnemonic>
      <unit>ft</unit>
      <columnIndex>315</columnIndex>
      <curveDescription>Curve314</curveDescription>
      <typeLogData>double</typeLogData>
    </logCurveInfo>
    <logCurveInfo uid="Curve315">
      <mnemonic>Curve315</mnemonic>
      <unit>ft</unit>
      <columnIndex>316</columnIndex>
      <curveDescription>Curve315</curveDescription>
      <typeLogData>double</typeLogData>
    </logCurveInfo>
    <logCurveInfo uid="Curve316">
      <mnemonic>Curve316</mnemonic>
      <unit>ft</unit>
      <columnIndex>317</columnIndex>
      <curveDescription>Curve316</curveDescription>
      <typeLogData>double</typeLogData>
    </logCurveInfo>
    <logCurveInfo uid="Curve317">
      <mnemonic>Curve317</mnemonic>
      <unit>ft</unit>
      <columnIndex>318</columnIndex>
      <curveDescription>Curve317</curveDescription>
      <typeLogData>double</typeLogData>
    </logCurveInfo>
    <logCurveInfo uid="Curve318">
      <mnemonic>Curve318</mnemonic>
      <unit>ft</unit>
      <columnIndex>319</columnIndex>
      <curveDescription>Curve318</curveDescription>
      <typeLogData>double</typeLogData>
    </logCurveInfo>
    <logCurveInfo uid="Curve319">
      <mnemonic>Curve319</mnemonic>
      <unit>ft</unit>
      <columnIndex>320</columnIndex>
      <curveDescription>Curve319</curveDescription>
      <typeLogData>double</typeLogData>
    </logCurveInfo>
    <logCurveInfo uid="Curve320">
      <mnemonic>Curve320</mnemonic>
      <unit>ft</unit>
      <columnIndex>321</columnIndex>
      <curveDescription>Curve320</curveDescription>
      <typeLogData>double</typeLogData>
    </logCurveInfo>
    <logCurveInfo uid="Curve321">
      <mnemonic>Curve321</mnemonic>
      <unit>ft</unit>
      <columnIndex>322</columnIndex>
      <curveDescription>Curve321</curveDescription>
      <typeLogData>double</typeLogData>
    </logCurveInfo>
    <logCurveInfo uid="Curve322">
      <mnemonic>Curve322</mnemonic>
      <unit>ft</unit>
      <columnIndex>323</columnIndex>
      <curveDescription>Curve322</curveDescription>
      <typeLogData>double</typeLogData>
    </logCurveInfo>
    <logCurveInfo uid="Curve323">
      <mnemonic>Curve323</mnemonic>
      <unit>ft</unit>
      <columnIndex>324</columnIndex>
      <curveDescription>Curve323</curveDescription>
      <typeLogData>double</typeLogData>
    </logCurveInfo>
    <logCurveInfo uid="Curve324">
      <mnemonic>Curve324</mnemonic>
      <unit>ft</unit>
      <columnIndex>325</columnIndex>
      <curveDescription>Curve324</curveDescription>
      <typeLogData>double</typeLogData>
    </logCurveInfo>
    <logCurveInfo uid="Curve325">
      <mnemonic>Curve325</mnemonic>
      <unit>ft</unit>
      <columnIndex>326</columnIndex>
      <curveDescription>Curve325</curveDescription>
      <typeLogData>double</typeLogData>
    </logCurveInfo>
    <logCurveInfo uid="Curve326">
      <mnemonic>Curve326</mnemonic>
      <unit>ft</unit>
      <columnIndex>327</columnIndex>
      <curveDescription>Curve326</curveDescription>
      <typeLogData>double</typeLogData>
    </logCurveInfo>
    <logCurveInfo uid="Curve327">
      <mnemonic>Curve327</mnemonic>
      <unit>ft</unit>
      <columnIndex>328</columnIndex>
      <curveDescription>Curve327</curveDescription>
      <typeLogData>double</typeLogData>
    </logCurveInfo>
    <logCurveInfo uid="Curve328">
      <mnemonic>Curve328</mnemonic>
      <unit>ft</unit>
      <columnIndex>329</columnIndex>
      <curveDescription>Curve328</curveDescription>
      <typeLogData>double</typeLogData>
    </logCurveInfo>
    <logCurveInfo uid="Curve329">
      <mnemonic>Curve329</mnemonic>
      <unit>ft</unit>
      <columnIndex>330</columnIndex>
      <curveDescription>Curve329</curveDescription>
      <typeLogData>double</typeLogData>
    </logCurveInfo>
    <logCurveInfo uid="Curve330">
      <mnemonic>Curve330</mnemonic>
      <unit>ft</unit>
      <columnIndex>331</columnIndex>
      <curveDescription>Curve330</curveDescription>
      <typeLogData>double</typeLogData>
    </logCurveInfo>
    <logCurveInfo uid="Curve331">
      <mnemonic>Curve331</mnemonic>
      <unit>ft</unit>
      <columnIndex>332</columnIndex>
      <curveDescription>Curve331</curveDescription>
      <typeLogData>double</typeLogData>
    </logCurveInfo>
    <logCurveInfo uid="Curve332">
      <mnemonic>Curve332</mnemonic>
      <unit>ft</unit>
      <columnIndex>333</columnIndex>
      <curveDescription>Curve332</curveDescription>
      <typeLogData>double</typeLogData>
    </logCurveInfo>
    <logCurveInfo uid="Curve333">
      <mnemonic>Curve333</mnemonic>
      <unit>ft</unit>
      <columnIndex>334</columnIndex>
      <curveDescription>Curve333</curveDescription>
      <typeLogData>double</typeLogData>
    </logCurveInfo>
    <logCurveInfo uid="Curve334">
      <mnemonic>Curve334</mnemonic>
      <unit>ft</unit>
      <columnIndex>335</columnIndex>
      <curveDescription>Curve334</curveDescription>
      <typeLogData>double</typeLogData>
    </logCurveInfo>
    <logCurveInfo uid="Curve335">
      <mnemonic>Curve335</mnemonic>
      <unit>ft</unit>
      <columnIndex>336</columnIndex>
      <curveDescription>Curve335</curveDescription>
      <typeLogData>double</typeLogData>
    </logCurveInfo>
    <logCurveInfo uid="Curve336">
      <mnemonic>Curve336</mnemonic>
      <unit>ft</unit>
      <columnIndex>337</columnIndex>
      <curveDescription>Curve336</curveDescription>
      <typeLogData>double</typeLogData>
    </logCurveInfo>
    <commonData>
      <dTimCreation>2017-07-05T18:09:01.7111947+00:00</dTimCreation>
      <dTimLastChange>2017-07-05T18:09:01.8004543+00:00</dTimLastChange>
    </commonData>
  </log>
</logs>